-------------------------------------------------------------------------------
Test set: com.gmail.BaseTest
-------------------------------------------------------------------------------
Tests run: 1, Failures: 0, Errors: 1, Skipped: 0, Time elapsed: 0.012 s <<< FAILURE! - in com.gmail.BaseTest
initializationError(com.gmail.BaseTest)  Time elapsed: 0.012 s  <<< ERROR!
java.lang.Exception: No runnable methods

