<?xml version="1.0" encoding="UTF-8"?>
<testsuite xmlns:xsi="http://www.w3.org/2001/XMLSchema-instance" xsi:noNamespaceSchemaLocation="https://maven.apache.org/surefire/maven-surefire-plugin/xsd/surefire-test-report.xsd" name="com.gmail.drafts.DraftsTest" time="74.422" tests="4" errors="3" skipped="0" failures="0">
  <properties>
[...]
</properties>
  <testcase name="deleteMessageFromDrafts[0]" classname="com.gmail.drafts.DraftsTest" time="62.357"/>
  <testcase name="addMessageToDrafts[0]" classname="com.gmail.drafts.DraftsTest" time="62.082">
    <error message="no such element: Unable to locate element: {&quot;method&quot;:&quot;xpath&quot;,&quot;selector&quot;:&quot;//div[@jscontroller=&apos;DUNnfe&apos;]//div[@role=&apos;button&apos;]&quot;}&#10;  (Session info: chrome=63.0.3239.84)&#10;  (Driver info: chromedriver=2.33.506120 (e3e53437346286c0bc2d2dc9aa4915ba81d9023f),platform=Windows NT 10.0.15063 x86_64) (WARNING: The server did not provide any stacktrace information)&#10;Command duration or timeout: 0 milliseconds&#10;For documentation on this error, please visit: http://seleniumhq.org/exceptions/no_such_element.html&#10;Build info: version: &apos;3.8.1&apos;, revision: &apos;6e95a6684b&apos;, time: &apos;2017-12-01T18:33:54.468Z&apos;&#10;System info: host: &apos;WSB-174&apos;, ip: &apos;192.168.6.1&apos;, os.name: &apos;Windows 10&apos;, os.arch: &apos;amd64&apos;, os.version: &apos;10.0&apos;, java.version: &apos;9.0.1&apos;&#10;Driver info: org.openqa.selenium.chrome.ChromeDriver&#10;Capabilities {acceptSslCerts: true, applicationCacheEnabled: false, browserConnectionEnabled: false, browserName: chrome, chrome: {chromedriverVersion: 2.33.506120 (e3e53437346286..., userDataDir: C:\Users\IVAN~1.ZIA\AppData...}, cssSelectorsEnabled: true, databaseEnabled: false, handlesAlerts: true, hasTouchScreen: false, javascriptEnabled: true, locationContextEnabled: true, mobileEmulationEnabled: false, nativeEvents: true, networkConnectionEnabled: false, pageLoadStrategy: normal, platform: XP, platformName: XP, rotatable: false, setWindowRect: true, takesHeapSnapshot: true, takesScreenshot: true, unexpectedAlertBehaviour: , unhandledPromptBehavior: , version: 63.0.3239.84, webStorageEnabled: true}&#10;Session ID: e7f459cf792f5593d1a1e49fa22acee7&#10;*** Element info: {Using=xpath, value=//div[@jscontroller=&apos;DUNnfe&apos;]//div[@role=&apos;button&apos;]}" type="org.openqa.selenium.NoSuchElementException">org.openqa.selenium.NoSuchElementException: 
no such element: Unable to locate element: {"method":"xpath","selector":"//div[@jscontroller='DUNnfe']//div[@role='button']"}
  (Session info: chrome=63.0.3239.84)
  (Driver info: chromedriver=2.33.506120 (e3e53437346286c0bc2d2dc9aa4915ba81d9023f),platform=Windows NT 10.0.15063 x86_64) (WARNING: The server did not provide any stacktrace information)
Command duration or timeout: 0 milliseconds
For documentation on this error, please visit: http://seleniumhq.org/exceptions/no_such_element.html
Build info: version: '3.8.1', revision: '6e95a6684b', time: '2017-12-01T18:33:54.468Z'
System info: host: 'WSB-174', ip: '192.168.6.1', os.name: 'Windows 10', os.arch: 'amd64', os.version: '10.0', java.version: '9.0.1'
Driver info: org.openqa.selenium.chrome.ChromeDriver
Capabilities {acceptSslCerts: true, applicationCacheEnabled: false, browserConnectionEnabled: false, browserName: chrome, chrome: {chromedriverVersion: 2.33.506120 (e3e53437346286..., userDataDir: C:\Users\IVAN~1.ZIA\AppData...}, cssSelectorsEnabled: true, databaseEnabled: false, handlesAlerts: true, hasTouchScreen: false, javascriptEnabled: true, locationContextEnabled: true, mobileEmulationEnabled: false, nativeEvents: true, networkConnectionEnabled: false, pageLoadStrategy: normal, platform: XP, platformName: XP, rotatable: false, setWindowRect: true, takesHeapSnapshot: true, takesScreenshot: true, unexpectedAlertBehaviour: , unhandledPromptBehavior: , version: 63.0.3239.84, webStorageEnabled: true}
Session ID: e7f459cf792f5593d1a1e49fa22acee7
*** Element info: {Using=xpath, value=//div[@jscontroller='DUNnfe']//div[@role='button']}
	at com.gmail.drafts.DraftsTest.addMessageToDrafts(DraftsTest.java:27)
</error>
    <system-out><![CDATA[Navigating to https://gmail.com
Navigated to https://gmail.com
Finding element by By.id: identifierId
Element founded By.id: identifierId
Clicking on [[ChromeDriver: chrome on XP (e7f459cf792f5593d1a1e49fa22acee7)] -> id: identifierId]
Clicked on [[ChromeDriver: chrome on XP (e7f459cf792f5593d1a1e49fa22acee7)] -> id: identifierId]
Finding element by By.id: identifierId
Element founded By.id: identifierId
Changing value [[ChromeDriver: chrome on XP (e7f459cf792f5593d1a1e49fa22acee7)] -> id: identifierId]
Value changed [[ChromeDriver: chrome on XP (e7f459cf792f5593d1a1e49fa22acee7)] -> id: identifierId]
Finding element by By.id: identifierNext
Element founded By.id: identifierNext
Clicking on [[ChromeDriver: chrome on XP (e7f459cf792f5593d1a1e49fa22acee7)] -> id: identifierNext]
Clicked on [[ChromeDriver: chrome on XP (e7f459cf792f5593d1a1e49fa22acee7)] -> id: identifierNext]
Finding element by By.name: password
Element founded By.name: password
Finding element by By.name: password
Element founded By.name: password
Finding element by By.name: password
Element founded By.name: password
Clicking on [[ChromeDriver: chrome on XP (e7f459cf792f5593d1a1e49fa22acee7)] -> name: password]
Clicked on [[ChromeDriver: chrome on XP (e7f459cf792f5593d1a1e49fa22acee7)] -> name: password]
Finding element by By.name: password
Element founded By.name: password
Changing value [[ChromeDriver: chrome on XP (e7f459cf792f5593d1a1e49fa22acee7)] -> name: password]
Value changed [[ChromeDriver: chrome on XP (e7f459cf792f5593d1a1e49fa22acee7)] -> name: password]
Finding element by By.id: passwordNext
Element founded By.id: passwordNext
Clicking on [[ChromeDriver: chrome on XP (e7f459cf792f5593d1a1e49fa22acee7)] -> id: passwordNext]
Clicked on [[ChromeDriver: chrome on XP (e7f459cf792f5593d1a1e49fa22acee7)] -> id: passwordNext]
Finding element by By.xpath: //div[@jscontroller='DUNnfe']//div[@role='button']
Exception occured at no such element: Unable to locate element: {"method":"xpath","selector":"//div[@jscontroller='DUNnfe']//div[@role='button']"}
  (Session info: chrome=63.0.3239.84)
  (Driver info: chromedriver=2.33.506120 (e3e53437346286c0bc2d2dc9aa4915ba81d9023f),platform=Windows NT 10.0.15063 x86_64) (WARNING: The server did not provide any stacktrace information)
Command duration or timeout: 0 milliseconds
For documentation on this error, please visit: http://seleniumhq.org/exceptions/no_such_element.html
Build info: version: '3.8.1', revision: '6e95a6684b', time: '2017-12-01T18:33:54.468Z'
System info: host: 'WSB-174', ip: '192.168.6.1', os.name: 'Windows 10', os.arch: 'amd64', os.version: '10.0', java.version: '9.0.1'
Driver info: org.openqa.selenium.chrome.ChromeDriver
Capabilities {acceptSslCerts: true, applicationCacheEnabled: false, browserConnectionEnabled: false, browserName: chrome, chrome: {chromedriverVersion: 2.33.506120 (e3e53437346286..., userDataDir: C:\Users\IVAN~1.ZIA\AppData...}, cssSelectorsEnabled: true, databaseEnabled: false, handlesAlerts: true, hasTouchScreen: false, javascriptEnabled: true, locationContextEnabled: true, mobileEmulationEnabled: false, nativeEvents: true, networkConnectionEnabled: false, pageLoadStrategy: normal, platform: XP, platformName: XP, rotatable: false, setWindowRect: true, takesHeapSnapshot: true, takesScreenshot: true, unexpectedAlertBehaviour: , unhandledPromptBehavior: , version: 63.0.3239.84, webStorageEnabled: true}
Session ID: e7f459cf792f5593d1a1e49fa22acee7
*** Element info: {Using=xpath, value=//div[@jscontroller='DUNnfe']//div[@role='button']}
]]></system-out>
  </testcase>
  <testcase name="addMessageToDrafts[1]" classname="com.gmail.drafts.DraftsTest" time="59.137">
    <error message="Unable to locate element: //div[@jscontroller=&apos;DUNnfe&apos;]//div[@role=&apos;button&apos;]&#10;For documentation on this error, please visit: http://seleniumhq.org/exceptions/no_such_element.html&#10;Build info: version: &apos;3.8.1&apos;, revision: &apos;6e95a6684b&apos;, time: &apos;2017-12-01T18:33:54.468Z&apos;&#10;System info: host: &apos;WSB-174&apos;, ip: &apos;192.168.6.1&apos;, os.name: &apos;Windows 10&apos;, os.arch: &apos;amd64&apos;, os.version: &apos;10.0&apos;, java.version: &apos;9.0.1&apos;&#10;Driver info: org.openqa.selenium.firefox.FirefoxDriver&#10;Capabilities {acceptInsecureCerts: true, browserName: firefox, browserVersion: 56.0.2, javascriptEnabled: true, moz:accessibilityChecks: false, moz:headless: false, moz:processID: 17084, moz:profile: C:\Users\ivan.zialinski\App..., pageLoadStrategy: normal, platform: XP, platformName: XP, platformVersion: 10.0, rotatable: false, specificationLevel: 0, timeouts: {implicit: 0, pageLoad: 300000, script: 30000}}&#10;Session ID: 5da9a8e2-5288-4b52-8661-d8c83e16e790&#10;*** Element info: {Using=xpath, value=//div[@jscontroller=&apos;DUNnfe&apos;]//div[@role=&apos;button&apos;]}" type="org.openqa.selenium.NoSuchElementException">org.openqa.selenium.NoSuchElementException: 
Unable to locate element: //div[@jscontroller='DUNnfe']//div[@role='button']
For documentation on this error, please visit: http://seleniumhq.org/exceptions/no_such_element.html
Build info: version: '3.8.1', revision: '6e95a6684b', time: '2017-12-01T18:33:54.468Z'
System info: host: 'WSB-174', ip: '192.168.6.1', os.name: 'Windows 10', os.arch: 'amd64', os.version: '10.0', java.version: '9.0.1'
Driver info: org.openqa.selenium.firefox.FirefoxDriver
Capabilities {acceptInsecureCerts: true, browserName: firefox, browserVersion: 56.0.2, javascriptEnabled: true, moz:accessibilityChecks: false, moz:headless: false, moz:processID: 17084, moz:profile: C:\Users\ivan.zialinski\App..., pageLoadStrategy: normal, platform: XP, platformName: XP, platformVersion: 10.0, rotatable: false, specificationLevel: 0, timeouts: {implicit: 0, pageLoad: 300000, script: 30000}}
Session ID: 5da9a8e2-5288-4b52-8661-d8c83e16e790
*** Element info: {Using=xpath, value=//div[@jscontroller='DUNnfe']//div[@role='button']}
	at com.gmail.drafts.DraftsTest.addMessageToDrafts(DraftsTest.java:27)
</error>
    <system-out><![CDATA[Navigating to https://gmail.com
Navigated to https://gmail.com
Finding element by By.id: identifierId
Element founded By.id: identifierId
Clicking on [[FirefoxDriver: firefox on XP (5da9a8e2-5288-4b52-8661-d8c83e16e790)] -> id: identifierId]
Clicked on [[FirefoxDriver: firefox on XP (5da9a8e2-5288-4b52-8661-d8c83e16e790)] -> id: identifierId]
Finding element by By.id: identifierId
Element founded By.id: identifierId
Changing value [[FirefoxDriver: firefox on XP (5da9a8e2-5288-4b52-8661-d8c83e16e790)] -> id: identifierId]
Value changed [[FirefoxDriver: firefox on XP (5da9a8e2-5288-4b52-8661-d8c83e16e790)] -> id: identifierId]
Finding element by By.id: identifierNext
Element founded By.id: identifierNext
Clicking on [[FirefoxDriver: firefox on XP (5da9a8e2-5288-4b52-8661-d8c83e16e790)] -> id: identifierNext]
Clicked on [[FirefoxDriver: firefox on XP (5da9a8e2-5288-4b52-8661-d8c83e16e790)] -> id: identifierNext]
Finding element by By.name: password
Element founded By.name: password
Finding element by By.name: password
Element founded By.name: password
Finding element by By.name: password
Element founded By.name: password
Finding element by By.name: password
Element founded By.name: password
Clicking on [[FirefoxDriver: firefox on XP (5da9a8e2-5288-4b52-8661-d8c83e16e790)] -> name: password]
Clicked on [[FirefoxDriver: firefox on XP (5da9a8e2-5288-4b52-8661-d8c83e16e790)] -> name: password]
Finding element by By.name: password
Element founded By.name: password
Changing value [[FirefoxDriver: firefox on XP (5da9a8e2-5288-4b52-8661-d8c83e16e790)] -> name: password]
Value changed [[FirefoxDriver: firefox on XP (5da9a8e2-5288-4b52-8661-d8c83e16e790)] -> name: password]
Finding element by By.id: passwordNext
Element founded By.id: passwordNext
Clicking on [[FirefoxDriver: firefox on XP (5da9a8e2-5288-4b52-8661-d8c83e16e790)] -> id: passwordNext]
Clicked on [[FirefoxDriver: firefox on XP (5da9a8e2-5288-4b52-8661-d8c83e16e790)] -> id: passwordNext]
Finding element by By.xpath: //div[@jscontroller='DUNnfe']//div[@role='button']
Exception occured at Unable to locate element: //div[@jscontroller='DUNnfe']//div[@role='button']
For documentation on this error, please visit: http://seleniumhq.org/exceptions/no_such_element.html
Build info: version: '3.8.1', revision: '6e95a6684b', time: '2017-12-01T18:33:54.468Z'
System info: host: 'WSB-174', ip: '192.168.6.1', os.name: 'Windows 10', os.arch: 'amd64', os.version: '10.0', java.version: '9.0.1'
Driver info: org.openqa.selenium.firefox.FirefoxDriver
Capabilities {acceptInsecureCerts: true, browserName: firefox, browserVersion: 56.0.2, javascriptEnabled: true, moz:accessibilityChecks: false, moz:headless: false, moz:processID: 17084, moz:profile: C:\Users\ivan.zialinski\App..., pageLoadStrategy: normal, platform: XP, platformName: XP, platformVersion: 10.0, rotatable: false, specificationLevel: 0, timeouts: {implicit: 0, pageLoad: 300000, script: 30000}}
Session ID: 5da9a8e2-5288-4b52-8661-d8c83e16e790
*** Element info: {Using=xpath, value=//div[@jscontroller='DUNnfe']//div[@role='button']}
]]></system-out>
  </testcase>
  <testcase name="deleteMessageFromDrafts[1]" classname="com.gmail.drafts.DraftsTest" time="54.641">
    <error message="Unable to locate element: //div[@role=&apos;navigation&apos;]//a[@href=&apos;https://mail.google.com/mail/#drafts&apos;]&#10;For documentation on this error, please visit: http://seleniumhq.org/exceptions/no_such_element.html&#10;Build info: version: &apos;3.8.1&apos;, revision: &apos;6e95a6684b&apos;, time: &apos;2017-12-01T18:33:54.468Z&apos;&#10;System info: host: &apos;WSB-174&apos;, ip: &apos;192.168.6.1&apos;, os.name: &apos;Windows 10&apos;, os.arch: &apos;amd64&apos;, os.version: &apos;10.0&apos;, java.version: &apos;9.0.1&apos;&#10;Driver info: org.openqa.selenium.firefox.FirefoxDriver&#10;Capabilities {acceptInsecureCerts: true, browserName: firefox, browserVersion: 56.0.2, javascriptEnabled: true, moz:accessibilityChecks: false, moz:headless: false, moz:processID: 13540, moz:profile: C:\Users\ivan.zialinski\App..., pageLoadStrategy: normal, platform: XP, platformName: XP, platformVersion: 10.0, rotatable: false, specificationLevel: 0, timeouts: {implicit: 0, pageLoad: 300000, script: 30000}}&#10;Session ID: 22d1f73f-474e-4105-953e-276471eeaef6&#10;*** Element info: {Using=xpath, value=//div[@role=&apos;navigation&apos;]//a[@href=&apos;https://mail.google.com/mail/#drafts&apos;]}" type="org.openqa.selenium.NoSuchElementException">org.openqa.selenium.NoSuchElementException: 
Unable to locate element: //div[@role='navigation']//a[@href='https://mail.google.com/mail/#drafts']
For documentation on this error, please visit: http://seleniumhq.org/exceptions/no_such_element.html
Build info: version: '3.8.1', revision: '6e95a6684b', time: '2017-12-01T18:33:54.468Z'
System info: host: 'WSB-174', ip: '192.168.6.1', os.name: 'Windows 10', os.arch: 'amd64', os.version: '10.0', java.version: '9.0.1'
Driver info: org.openqa.selenium.firefox.FirefoxDriver
Capabilities {acceptInsecureCerts: true, browserName: firefox, browserVersion: 56.0.2, javascriptEnabled: true, moz:accessibilityChecks: false, moz:headless: false, moz:processID: 13540, moz:profile: C:\Users\ivan.zialinski\App..., pageLoadStrategy: normal, platform: XP, platformName: XP, platformVersion: 10.0, rotatable: false, specificationLevel: 0, timeouts: {implicit: 0, pageLoad: 300000, script: 30000}}
Session ID: 22d1f73f-474e-4105-953e-276471eeaef6
*** Element info: {Using=xpath, value=//div[@role='navigation']//a[@href='https://mail.google.com/mail/#drafts']}
	at com.gmail.drafts.DraftsTest.deleteMessageFromDrafts(DraftsTest.java:40)
</error>
    <system-out><![CDATA[Navigating to https://gmail.com
Navigated to https://gmail.com
Finding element by By.id: identifierId
Element founded By.id: identifierId
Clicking on [[FirefoxDriver: firefox on XP (22d1f73f-474e-4105-953e-276471eeaef6)] -> id: identifierId]
Clicked on [[FirefoxDriver: firefox on XP (22d1f73f-474e-4105-953e-276471eeaef6)] -> id: identifierId]
Finding element by By.id: identifierId
Element founded By.id: identifierId
Changing value [[FirefoxDriver: firefox on XP (22d1f73f-474e-4105-953e-276471eeaef6)] -> id: identifierId]
Value changed [[FirefoxDriver: firefox on XP (22d1f73f-474e-4105-953e-276471eeaef6)] -> id: identifierId]
Finding element by By.id: identifierNext
Element founded By.id: identifierNext
Clicking on [[FirefoxDriver: firefox on XP (22d1f73f-474e-4105-953e-276471eeaef6)] -> id: identifierNext]
Clicked on [[FirefoxDriver: firefox on XP (22d1f73f-474e-4105-953e-276471eeaef6)] -> id: identifierNext]
Finding element by By.name: password
Element founded By.name: password
Finding element by By.name: password
Element founded By.name: password
Finding element by By.name: password
Element founded By.name: password
Clicking on [[FirefoxDriver: firefox on XP (22d1f73f-474e-4105-953e-276471eeaef6)] -> name: password]
Clicked on [[FirefoxDriver: firefox on XP (22d1f73f-474e-4105-953e-276471eeaef6)] -> name: password]
Finding element by By.name: password
Element founded By.name: password
Changing value [[FirefoxDriver: firefox on XP (22d1f73f-474e-4105-953e-276471eeaef6)] -> name: password]
Value changed [[FirefoxDriver: firefox on XP (22d1f73f-474e-4105-953e-276471eeaef6)] -> name: password]
Finding element by By.id: passwordNext
Element founded By.id: passwordNext
Clicking on [[FirefoxDriver: firefox on XP (22d1f73f-474e-4105-953e-276471eeaef6)] -> id: passwordNext]
Clicked on [[FirefoxDriver: firefox on XP (22d1f73f-474e-4105-953e-276471eeaef6)] -> id: passwordNext]
Finding element by By.xpath: //div[@role='navigation']//a[@href='https://mail.google.com/mail/#drafts']
Exception occured at Unable to locate element: //div[@role='navigation']//a[@href='https://mail.google.com/mail/#drafts']
For documentation on this error, please visit: http://seleniumhq.org/exceptions/no_such_element.html
Build info: version: '3.8.1', revision: '6e95a6684b', time: '2017-12-01T18:33:54.468Z'
System info: host: 'WSB-174', ip: '192.168.6.1', os.name: 'Windows 10', os.arch: 'amd64', os.version: '10.0', java.version: '9.0.1'
Driver info: org.openqa.selenium.firefox.FirefoxDriver
Capabilities {acceptInsecureCerts: true, browserName: firefox, browserVersion: 56.0.2, javascriptEnabled: true, moz:accessibilityChecks: false, moz:headless: false, moz:processID: 13540, moz:profile: C:\Users\ivan.zialinski\App..., pageLoadStrategy: normal, platform: XP, platformName: XP, platformVersion: 10.0, rotatable: false, specificationLevel: 0, timeouts: {implicit: 0, pageLoad: 300000, script: 30000}}
Session ID: 22d1f73f-474e-4105-953e-276471eeaef6
*** Element info: {Using=xpath, value=//div[@role='navigation']//a[@href='https://mail.google.com/mail/#drafts']}
]]></system-out>
  </testcase>
</testsuite>